

Started GET "/" for ::1 at 2016-12-08 08:12:05 +1100
Processing by PagesController#index as HTML
  Rendered pages/index.html.erb within layouts/application (1.6ms)
Completed 200 OK in 550ms (Views: 529.4ms | ActiveRecord: 0.0ms)


Started GET "/assets/pages.self-9689c6c14b7e07af1b866a109c99db2f64cf49b18071ac41cb70bafe869ad37a.js?body=1" for ::1 at 2016-12-08 08:12:06 +1100


Started GET "/assets/application.self-e80e8f2318043e8af94dddc2adad5a4f09739a8ebb323b3ab31cd71d45fd9113.css?body=1" for ::1 at 2016-12-08 08:12:06 +1100


Started GET "/assets/application.self-3b8dabdc891efe46b9a144b400ad69e37d7e5876bdc39dee783419a69d7ca819.js?body=1" for ::1 at 2016-12-08 08:12:06 +1100


Started GET "/" for ::1 at 2016-12-08 09:37:54 +1100
Processing by PagesController#index as HTML
  Rendered pages/index.html.erb within layouts/application (2.1ms)
Completed 200 OK in 682ms (Views: 664.9ms | ActiveRecord: 0.0ms)


Started GET "/" for ::1 at 2016-12-08 09:40:09 +1100
Processing by PagesController#index as HTML
  Rendered pages/index.html.erb within layouts/application (0.6ms)
Completed 200 OK in 22ms (Views: 21.2ms | ActiveRecord: 0.0ms)


Started GET "/" for ::1 at 2016-12-08 09:41:33 +1100
Processing by PagesController#index as HTML
  Rendered pages/index.html.erb within layouts/application (0.7ms)
Completed 200 OK in 40ms (Views: 38.9ms | ActiveRecord: 0.0ms)


Started GET "/" for ::1 at 2016-12-09 09:45:27 +1100
Processing by PagesController#index as HTML
  Rendered pages/index.html.erb within layouts/application (1.6ms)
Completed 200 OK in 382ms (Views: 359.2ms | ActiveRecord: 0.0ms)
